<?xml version="1.0" encoding="UTF-8"?>
<testng-results ignored="0" total="1" passed="1" failed="0" skipped="0">
  <reporter-output>
  </reporter-output>
  <suite started-at="2024-03-14T12:50:27 IST" name="Default suite" finished-at="2024-03-14T12:50:34 IST" duration-ms="6978">
    <groups>
    </groups>
    <test started-at="2024-03-14T12:50:27 IST" name="Default test" finished-at="2024-03-14T12:50:34 IST" duration-ms="6978">
      <class name="qsp.JJJJ">
        <test-method signature="run()[pri:0, instance:qsp.JJJJ@5fbdfdcf]" started-at="2024-03-14T12:50:27 IST" name="run" finished-at="2024-03-14T12:50:34 IST" duration-ms="6953" status="PASS">
          <reporter-output>
          </reporter-output>
        </test-method> <!-- run -->
      </class> <!-- qsp.JJJJ -->
    </test> <!-- Default test -->
  </suite> <!-- Default suite -->
</testng-results>
